{"name":"hexo","hostname":"CTUN50932141A","pid":24392,"level":20,"msg":"Hexo version: \u001b[35m3.3.5\u001b[39m","time":"2018-08-16T13:45:20.482Z","v":0}
{"name":"hexo","hostname":"CTUN50932141A","pid":24392,"level":20,"msg":"Working directory: \u001b[35m~\\Desktop\\zjs1224522500.github.io\\\u001b[39m","time":"2018-08-16T13:45:20.489Z","v":0}
{"name":"hexo","hostname":"CTUN50932141A","pid":24392,"level":20,"msg":"Config loaded: \u001b[35m~\\Desktop\\zjs1224522500.github.io\\_config.yml\u001b[39m","time":"2018-08-16T13:45:21.113Z","v":0}
{"name":"hexo","hostname":"CTUN50932141A","pid":24392,"level":20,"msg":"Plugin loaded: \u001b[35mhexo-fs\u001b[39m","time":"2018-08-16T13:45:21.187Z","v":0}
{"name":"hexo","hostname":"CTUN50932141A","pid":24392,"level":20,"msg":"Plugin loaded: \u001b[35mhexo-deployer-git\u001b[39m","time":"2018-08-16T13:45:21.223Z","v":0}
{"name":"hexo","hostname":"CTUN50932141A","pid":24392,"level":20,"msg":"Plugin loaded: \u001b[35mhexo-generator-archive\u001b[39m","time":"2018-08-16T13:45:21.246Z","v":0}
{"name":"hexo","hostname":"CTUN50932141A","pid":24392,"level":20,"msg":"Plugin loaded: \u001b[35mhexo-generator-category\u001b[39m","time":"2018-08-16T13:45:21.262Z","v":0}
{"name":"hexo","hostname":"CTUN50932141A","pid":24392,"level":20,"msg":"Plugin loaded: \u001b[35mhexo-generator-index\u001b[39m","time":"2018-08-16T13:45:21.277Z","v":0}
{"name":"hexo","hostname":"CTUN50932141A","pid":24392,"level":20,"msg":"Plugin loaded: \u001b[35mhexo-generator-json-content\u001b[39m","time":"2018-08-16T13:45:21.433Z","v":0}
{"name":"hexo","hostname":"CTUN50932141A","pid":24392,"level":20,"msg":"Plugin loaded: \u001b[35mhexo-generator-tag\u001b[39m","time":"2018-08-16T13:45:21.442Z","v":0}
{"name":"hexo","hostname":"CTUN50932141A","pid":24392,"level":20,"msg":"Plugin loaded: \u001b[35mhexo-renderer-ejs\u001b[39m","time":"2018-08-16T13:45:21.472Z","v":0}
{"name":"hexo","hostname":"CTUN50932141A","pid":24392,"level":20,"msg":"Plugin loaded: \u001b[35mhexo-renderer-marked\u001b[39m","time":"2018-08-16T13:45:21.509Z","v":0}
{"name":"hexo","hostname":"CTUN50932141A","pid":24392,"level":20,"msg":"Plugin loaded: \u001b[35mhexo-renderer-stylus\u001b[39m","time":"2018-08-16T13:45:21.516Z","v":0}
{"name":"hexo","hostname":"CTUN50932141A","pid":24392,"level":20,"msg":"Plugin loaded: \u001b[35mhexo-server\u001b[39m","time":"2018-08-16T13:45:22.046Z","v":0}
{"name":"hexo","hostname":"CTUN50932141A","pid":24392,"level":30,"msg":"Deleted database.","time":"2018-08-16T13:45:22.093Z","v":0}
{"name":"hexo","hostname":"CTUN50932141A","pid":24392,"level":20,"msg":"Database saved","time":"2018-08-16T13:45:22.111Z","v":0}
{"name":"hexo","hostname":"CTUN50932141A","pid":19912,"level":20,"msg":"Hexo version: \u001b[35m3.3.5\u001b[39m","time":"2018-08-16T13:46:15.869Z","v":0}
{"name":"hexo","hostname":"CTUN50932141A","pid":19912,"level":20,"msg":"Working directory: \u001b[35m~\\Desktop\\zjs1224522500.github.io\\\u001b[39m","time":"2018-08-16T13:46:15.874Z","v":0}
{"name":"hexo","hostname":"CTUN50932141A","pid":19912,"level":20,"msg":"Config loaded: \u001b[35m~\\Desktop\\zjs1224522500.github.io\\_config.yml\u001b[39m","time":"2018-08-16T13:46:16.543Z","v":0}
{"name":"hexo","hostname":"CTUN50932141A","pid":19912,"level":20,"msg":"Plugin loaded: \u001b[35mhexo-deployer-git\u001b[39m","time":"2018-08-16T13:46:16.644Z","v":0}
{"name":"hexo","hostname":"CTUN50932141A","pid":19912,"level":20,"msg":"Plugin loaded: \u001b[35mhexo-fs\u001b[39m","time":"2018-08-16T13:46:16.666Z","v":0}
{"name":"hexo","hostname":"CTUN50932141A","pid":19912,"level":20,"msg":"Plugin loaded: \u001b[35mhexo-generator-archive\u001b[39m","time":"2018-08-16T13:46:16.702Z","v":0}
{"name":"hexo","hostname":"CTUN50932141A","pid":19912,"level":20,"msg":"Plugin loaded: \u001b[35mhexo-generator-category\u001b[39m","time":"2018-08-16T13:46:16.723Z","v":0}
{"name":"hexo","hostname":"CTUN50932141A","pid":19912,"level":20,"msg":"Plugin loaded: \u001b[35mhexo-generator-index\u001b[39m","time":"2018-08-16T13:46:16.747Z","v":0}
{"name":"hexo","hostname":"CTUN50932141A","pid":19912,"level":20,"msg":"Plugin loaded: \u001b[35mhexo-generator-json-content\u001b[39m","time":"2018-08-16T13:46:16.921Z","v":0}
{"name":"hexo","hostname":"CTUN50932141A","pid":19912,"level":20,"msg":"Plugin loaded: \u001b[35mhexo-generator-tag\u001b[39m","time":"2018-08-16T13:46:16.931Z","v":0}
{"name":"hexo","hostname":"CTUN50932141A","pid":19912,"level":20,"msg":"Plugin loaded: \u001b[35mhexo-renderer-ejs\u001b[39m","time":"2018-08-16T13:46:16.959Z","v":0}
{"name":"hexo","hostname":"CTUN50932141A","pid":19912,"level":20,"msg":"Plugin loaded: \u001b[35mhexo-renderer-marked\u001b[39m","time":"2018-08-16T13:46:17.013Z","v":0}
{"name":"hexo","hostname":"CTUN50932141A","pid":19912,"level":20,"msg":"Plugin loaded: \u001b[35mhexo-renderer-stylus\u001b[39m","time":"2018-08-16T13:46:17.026Z","v":0}
{"name":"hexo","hostname":"CTUN50932141A","pid":19912,"level":20,"msg":"Plugin loaded: \u001b[35mhexo-server\u001b[39m","time":"2018-08-16T13:46:17.528Z","v":0}
{"name":"hexo","hostname":"CTUN50932141A","pid":19912,"level":30,"msg":"Deleted database.","time":"2018-08-16T13:46:17.586Z","v":0}
{"name":"hexo","hostname":"CTUN50932141A","pid":19912,"level":20,"msg":"Database saved","time":"2018-08-16T13:46:17.608Z","v":0}
{"name":"hexo","hostname":"CTUN50932141A","pid":21800,"level":20,"msg":"Hexo version: 3.3.5","time":"2018-08-16T13:54:25.455Z","v":0}
{"name":"hexo","hostname":"CTUN50932141A","pid":21800,"level":20,"msg":"Working directory: ~\\Desktop\\zjs1224522500.github.io\\","time":"2018-08-16T13:54:25.457Z","v":0}
{"name":"hexo","hostname":"CTUN50932141A","pid":21800,"level":20,"msg":"Config loaded: ~\\Desktop\\zjs1224522500.github.io\\_config.yml","time":"2018-08-16T13:54:26.030Z","v":0}
{"name":"hexo","hostname":"CTUN50932141A","pid":21800,"level":20,"msg":"Plugin loaded: hexo-deployer-git","time":"2018-08-16T13:54:26.130Z","v":0}
{"name":"hexo","hostname":"CTUN50932141A","pid":21800,"level":20,"msg":"Plugin loaded: hexo-fs","time":"2018-08-16T13:54:26.140Z","v":0}
{"name":"hexo","hostname":"CTUN50932141A","pid":21800,"level":20,"msg":"Plugin loaded: hexo-generator-archive","time":"2018-08-16T13:54:26.158Z","v":0}
{"name":"hexo","hostname":"CTUN50932141A","pid":21800,"level":20,"msg":"Plugin loaded: hexo-generator-index","time":"2018-08-16T13:54:26.171Z","v":0}
{"name":"hexo","hostname":"CTUN50932141A","pid":21800,"level":20,"msg":"Plugin loaded: hexo-generator-category","time":"2018-08-16T13:54:26.181Z","v":0}
{"name":"hexo","hostname":"CTUN50932141A","pid":21800,"level":20,"msg":"Plugin loaded: hexo-generator-json-content","time":"2018-08-16T13:54:26.308Z","v":0}
{"name":"hexo","hostname":"CTUN50932141A","pid":21800,"level":20,"msg":"Plugin loaded: hexo-renderer-ejs","time":"2018-08-16T13:54:26.335Z","v":0}
{"name":"hexo","hostname":"CTUN50932141A","pid":21800,"level":20,"msg":"Plugin loaded: hexo-renderer-marked","time":"2018-08-16T13:54:26.359Z","v":0}
{"name":"hexo","hostname":"CTUN50932141A","pid":21800,"level":20,"msg":"Plugin loaded: hexo-renderer-stylus","time":"2018-08-16T13:54:26.366Z","v":0}
{"name":"hexo","hostname":"CTUN50932141A","pid":21800,"level":20,"msg":"Plugin loaded: hexo-generator-tag","time":"2018-08-16T13:54:26.372Z","v":0}
{"name":"hexo","hostname":"CTUN50932141A","pid":21800,"level":20,"msg":"Plugin loaded: hexo-server","time":"2018-08-16T13:54:27.233Z","v":0}
{"name":"hexo","hostname":"CTUN50932141A","pid":21800,"level":30,"msg":"Deleted database.","time":"2018-08-16T13:54:27.270Z","v":0}
{"name":"hexo","hostname":"CTUN50932141A","pid":21800,"level":20,"msg":"Database saved","time":"2018-08-16T13:54:27.286Z","v":0}
{"name":"hexo","hostname":"CTUN50932141A","pid":20708,"level":20,"msg":"Hexo version: 3.3.5","time":"2018-08-16T13:55:21.516Z","v":0}
{"name":"hexo","hostname":"CTUN50932141A","pid":20708,"level":20,"msg":"Working directory: ~\\Desktop\\zjs1224522500.github.io\\","time":"2018-08-16T13:55:21.520Z","v":0}
{"name":"hexo","hostname":"CTUN50932141A","pid":20708,"level":20,"msg":"Config loaded: ~\\Desktop\\zjs1224522500.github.io\\_config.yml","time":"2018-08-16T13:55:21.960Z","v":0}
{"name":"hexo","hostname":"CTUN50932141A","pid":20708,"level":20,"msg":"Plugin loaded: hexo-deployer-git","time":"2018-08-16T13:55:22.031Z","v":0}
{"name":"hexo","hostname":"CTUN50932141A","pid":20708,"level":20,"msg":"Plugin loaded: hexo-fs","time":"2018-08-16T13:55:22.041Z","v":0}
{"name":"hexo","hostname":"CTUN50932141A","pid":20708,"level":20,"msg":"Plugin loaded: hexo-generator-archive","time":"2018-08-16T13:55:22.057Z","v":0}
{"name":"hexo","hostname":"CTUN50932141A","pid":20708,"level":20,"msg":"Plugin loaded: hexo-generator-category","time":"2018-08-16T13:55:22.069Z","v":0}
{"name":"hexo","hostname":"CTUN50932141A","pid":20708,"level":20,"msg":"Plugin loaded: hexo-generator-index","time":"2018-08-16T13:55:22.077Z","v":0}
{"name":"hexo","hostname":"CTUN50932141A","pid":20708,"level":20,"msg":"Plugin loaded: hexo-generator-json-content","time":"2018-08-16T13:55:22.183Z","v":0}
{"name":"hexo","hostname":"CTUN50932141A","pid":20708,"level":20,"msg":"Plugin loaded: hexo-generator-tag","time":"2018-08-16T13:55:22.189Z","v":0}
{"name":"hexo","hostname":"CTUN50932141A","pid":20708,"level":20,"msg":"Plugin loaded: hexo-renderer-ejs","time":"2018-08-16T13:55:22.203Z","v":0}
{"name":"hexo","hostname":"CTUN50932141A","pid":20708,"level":20,"msg":"Plugin loaded: hexo-renderer-marked","time":"2018-08-16T13:55:22.222Z","v":0}
{"name":"hexo","hostname":"CTUN50932141A","pid":20708,"level":20,"msg":"Plugin loaded: hexo-renderer-stylus","time":"2018-08-16T13:55:22.225Z","v":0}
{"name":"hexo","hostname":"CTUN50932141A","pid":22064,"level":20,"msg":"Hexo version: 3.3.5","time":"2018-08-16T13:56:39.022Z","v":0}
{"name":"hexo","hostname":"CTUN50932141A","pid":22064,"level":20,"msg":"Working directory: ~\\Desktop\\zjs1224522500.github.io\\","time":"2018-08-16T13:56:39.024Z","v":0}
{"name":"hexo","hostname":"CTUN50932141A","pid":22064,"level":20,"msg":"Config loaded: ~\\Desktop\\zjs1224522500.github.io\\_config.yml","time":"2018-08-16T13:56:39.460Z","v":0}
{"name":"hexo","hostname":"CTUN50932141A","pid":22064,"level":20,"msg":"Plugin loaded: hexo-deployer-git","time":"2018-08-16T13:56:39.538Z","v":0}
{"name":"hexo","hostname":"CTUN50932141A","pid":22064,"level":20,"msg":"Plugin loaded: hexo-fs","time":"2018-08-16T13:56:39.547Z","v":0}
{"name":"hexo","hostname":"CTUN50932141A","pid":22064,"level":20,"msg":"Plugin loaded: hexo-generator-archive","time":"2018-08-16T13:56:39.562Z","v":0}
{"name":"hexo","hostname":"CTUN50932141A","pid":22064,"level":20,"msg":"Plugin loaded: hexo-generator-category","time":"2018-08-16T13:56:39.570Z","v":0}
{"name":"hexo","hostname":"CTUN50932141A","pid":22064,"level":20,"msg":"Plugin loaded: hexo-generator-index","time":"2018-08-16T13:56:39.579Z","v":0}
{"name":"hexo","hostname":"CTUN50932141A","pid":22064,"level":20,"msg":"Plugin loaded: hexo-generator-json-content","time":"2018-08-16T13:56:39.690Z","v":0}
{"name":"hexo","hostname":"CTUN50932141A","pid":22064,"level":20,"msg":"Plugin loaded: hexo-generator-tag","time":"2018-08-16T13:56:39.697Z","v":0}
{"name":"hexo","hostname":"CTUN50932141A","pid":22064,"level":20,"msg":"Plugin loaded: hexo-renderer-ejs","time":"2018-08-16T13:56:39.710Z","v":0}
{"name":"hexo","hostname":"CTUN50932141A","pid":22064,"level":20,"msg":"Plugin loaded: hexo-renderer-marked","time":"2018-08-16T13:56:39.728Z","v":0}
{"name":"hexo","hostname":"CTUN50932141A","pid":22064,"level":20,"msg":"Plugin loaded: hexo-renderer-stylus","time":"2018-08-16T13:56:39.731Z","v":0}
{"name":"hexo","hostname":"CTUN50932141A","pid":22064,"level":20,"msg":"Plugin loaded: hexo-server","time":"2018-08-16T13:56:40.055Z","v":0}
{"name":"hexo","hostname":"CTUN50932141A","pid":22064,"level":30,"msg":"Deleted database.","time":"2018-08-16T13:56:40.084Z","v":0}
{"name":"hexo","hostname":"CTUN50932141A","pid":22064,"level":20,"msg":"Database saved","time":"2018-08-16T13:56:40.094Z","v":0}
{"name":"hexo","hostname":"CTUN50932141A","pid":17280,"level":20,"msg":"Hexo version: 3.3.5","time":"2018-08-16T14:00:59.570Z","v":0}
{"name":"hexo","hostname":"CTUN50932141A","pid":17280,"level":20,"msg":"Working directory: ~\\Desktop\\zjs1224522500.github.io\\","time":"2018-08-16T14:00:59.572Z","v":0}
{"name":"hexo","hostname":"CTUN50932141A","pid":17280,"level":20,"msg":"Config loaded: ~\\Desktop\\zjs1224522500.github.io\\_config.yml","time":"2018-08-16T14:01:00.029Z","v":0}
{"name":"hexo","hostname":"CTUN50932141A","pid":17280,"level":20,"msg":"Plugin loaded: hexo-deployer-git","time":"2018-08-16T14:01:00.110Z","v":0}
{"name":"hexo","hostname":"CTUN50932141A","pid":17280,"level":20,"msg":"Plugin loaded: hexo-fs","time":"2018-08-16T14:01:00.120Z","v":0}
{"name":"hexo","hostname":"CTUN50932141A","pid":17280,"level":20,"msg":"Plugin loaded: hexo-generator-archive","time":"2018-08-16T14:01:00.138Z","v":0}
{"name":"hexo","hostname":"CTUN50932141A","pid":17280,"level":20,"msg":"Plugin loaded: hexo-generator-index","time":"2018-08-16T14:01:00.147Z","v":0}
{"name":"hexo","hostname":"CTUN50932141A","pid":17280,"level":20,"msg":"Plugin loaded: hexo-generator-category","time":"2018-08-16T14:01:00.156Z","v":0}
{"name":"hexo","hostname":"CTUN50932141A","pid":17280,"level":20,"msg":"Plugin loaded: hexo-generator-json-content","time":"2018-08-16T14:01:00.280Z","v":0}
{"name":"hexo","hostname":"CTUN50932141A","pid":17280,"level":20,"msg":"Plugin loaded: hexo-generator-tag","time":"2018-08-16T14:01:00.285Z","v":0}
{"name":"hexo","hostname":"CTUN50932141A","pid":17280,"level":20,"msg":"Plugin loaded: hexo-renderer-ejs","time":"2018-08-16T14:01:00.312Z","v":0}
{"name":"hexo","hostname":"CTUN50932141A","pid":17280,"level":20,"msg":"Plugin loaded: hexo-renderer-marked","time":"2018-08-16T14:01:00.332Z","v":0}
{"name":"hexo","hostname":"CTUN50932141A","pid":17280,"level":20,"msg":"Plugin loaded: hexo-renderer-stylus","time":"2018-08-16T14:01:00.336Z","v":0}
{"name":"hexo","hostname":"CTUN50932141A","pid":17280,"level":20,"msg":"Plugin loaded: hexo-server","time":"2018-08-16T14:01:00.696Z","v":0}
{"name":"hexo","hostname":"CTUN50932141A","pid":17280,"level":30,"msg":"Deleted database.","time":"2018-08-16T14:01:00.726Z","v":0}
{"name":"hexo","hostname":"CTUN50932141A","pid":17280,"level":20,"msg":"Database saved","time":"2018-08-16T14:01:00.738Z","v":0}
{"name":"hexo","hostname":"CTUN50932141A","pid":21928,"level":20,"msg":"Hexo version: 3.3.5","time":"2018-08-16T14:02:01.899Z","v":0}
{"name":"hexo","hostname":"CTUN50932141A","pid":21928,"level":20,"msg":"Working directory: ~\\Desktop\\zjs1224522500.github.io\\","time":"2018-08-16T14:02:01.900Z","v":0}
{"name":"hexo","hostname":"CTUN50932141A","pid":21928,"level":20,"msg":"Config loaded: ~\\Desktop\\zjs1224522500.github.io\\_config.yml","time":"2018-08-16T14:02:02.348Z","v":0}
{"name":"hexo","hostname":"CTUN50932141A","pid":21928,"level":20,"msg":"Plugin loaded: hexo-deployer-git","time":"2018-08-16T14:02:02.444Z","v":0}
{"name":"hexo","hostname":"CTUN50932141A","pid":21928,"level":20,"msg":"Plugin loaded: hexo-fs","time":"2018-08-16T14:02:02.457Z","v":0}
{"name":"hexo","hostname":"CTUN50932141A","pid":21928,"level":20,"msg":"Plugin loaded: hexo-generator-archive","time":"2018-08-16T14:02:02.475Z","v":0}
{"name":"hexo","hostname":"CTUN50932141A","pid":21928,"level":20,"msg":"Plugin loaded: hexo-generator-category","time":"2018-08-16T14:02:02.485Z","v":0}
{"name":"hexo","hostname":"CTUN50932141A","pid":21928,"level":20,"msg":"Plugin loaded: hexo-generator-index","time":"2018-08-16T14:02:02.497Z","v":0}
{"name":"hexo","hostname":"CTUN50932141A","pid":21928,"level":20,"msg":"Plugin loaded: hexo-generator-json-content","time":"2018-08-16T14:02:02.624Z","v":0}
{"name":"hexo","hostname":"CTUN50932141A","pid":21928,"level":20,"msg":"Plugin loaded: hexo-renderer-ejs","time":"2018-08-16T14:02:02.644Z","v":0}
{"name":"hexo","hostname":"CTUN50932141A","pid":21928,"level":20,"msg":"Plugin loaded: hexo-generator-tag","time":"2018-08-16T14:02:02.653Z","v":0}
{"name":"hexo","hostname":"CTUN50932141A","pid":21928,"level":20,"msg":"Plugin loaded: hexo-renderer-marked","time":"2018-08-16T14:02:02.682Z","v":0}
{"name":"hexo","hostname":"CTUN50932141A","pid":21928,"level":20,"msg":"Plugin loaded: hexo-renderer-stylus","time":"2018-08-16T14:02:02.690Z","v":0}
{"name":"hexo","hostname":"CTUN50932141A","pid":21928,"level":20,"msg":"Plugin loaded: hexo-server","time":"2018-08-16T14:02:03.135Z","v":0}
{"name":"hexo","hostname":"CTUN50932141A","pid":21928,"level":30,"msg":"Deleted database.","time":"2018-08-16T14:02:03.171Z","v":0}
{"name":"hexo","hostname":"CTUN50932141A","pid":21928,"level":20,"msg":"Database saved","time":"2018-08-16T14:02:03.184Z","v":0}
{"name":"hexo","hostname":"CTUN50932141A","pid":25488,"level":20,"msg":"Hexo version: 3.3.5","time":"2018-08-16T14:10:50.989Z","v":0}
{"name":"hexo","hostname":"CTUN50932141A","pid":25488,"level":20,"msg":"Working directory: ~\\Desktop\\zjs1224522500.github.io\\","time":"2018-08-16T14:10:50.991Z","v":0}
{"name":"hexo","hostname":"CTUN50932141A","pid":25488,"level":20,"msg":"Config loaded: ~\\Desktop\\zjs1224522500.github.io\\_config.yml","time":"2018-08-16T14:10:51.467Z","v":0}
{"name":"hexo","hostname":"CTUN50932141A","pid":25488,"level":20,"msg":"Plugin loaded: hexo-fs","time":"2018-08-16T14:10:51.529Z","v":0}
{"name":"hexo","hostname":"CTUN50932141A","pid":25488,"level":20,"msg":"Plugin loaded: hexo-deployer-git","time":"2018-08-16T14:10:51.608Z","v":0}
{"name":"hexo","hostname":"CTUN50932141A","pid":25488,"level":20,"msg":"Plugin loaded: hexo-generator-archive","time":"2018-08-16T14:10:51.627Z","v":0}
{"name":"hexo","hostname":"CTUN50932141A","pid":25488,"level":20,"msg":"Plugin loaded: hexo-generator-category","time":"2018-08-16T14:10:51.638Z","v":0}
{"name":"hexo","hostname":"CTUN50932141A","pid":25488,"level":20,"msg":"Plugin loaded: hexo-generator-json-content","time":"2018-08-16T14:10:51.752Z","v":0}
{"name":"hexo","hostname":"CTUN50932141A","pid":25488,"level":20,"msg":"Plugin loaded: hexo-generator-index","time":"2018-08-16T14:10:51.764Z","v":0}
{"name":"hexo","hostname":"CTUN50932141A","pid":25488,"level":20,"msg":"Plugin loaded: hexo-generator-tag","time":"2018-08-16T14:10:51.770Z","v":0}
{"name":"hexo","hostname":"CTUN50932141A","pid":25488,"level":20,"msg":"Plugin loaded: hexo-renderer-ejs","time":"2018-08-16T14:10:51.786Z","v":0}
{"name":"hexo","hostname":"CTUN50932141A","pid":25488,"level":20,"msg":"Plugin loaded: hexo-renderer-marked","time":"2018-08-16T14:10:51.810Z","v":0}
{"name":"hexo","hostname":"CTUN50932141A","pid":25488,"level":20,"msg":"Plugin loaded: hexo-renderer-stylus","time":"2018-08-16T14:10:51.813Z","v":0}
{"name":"hexo","hostname":"CTUN50932141A","pid":25488,"level":20,"msg":"Plugin loaded: hexo-server","time":"2018-08-16T14:10:52.214Z","v":0}
{"name":"hexo","hostname":"CTUN50932141A","pid":25488,"level":30,"msg":"Deleted database.","time":"2018-08-16T14:10:52.246Z","v":0}
{"name":"hexo","hostname":"CTUN50932141A","pid":25488,"level":20,"msg":"Database saved","time":"2018-08-16T14:10:52.261Z","v":0}
{"name":"hexo","hostname":"CTUN50932141A","pid":24988,"level":20,"msg":"Hexo version: \u001b[35m3.3.5\u001b[39m","time":"2018-08-16T14:20:26.507Z","v":0}
{"name":"hexo","hostname":"CTUN50932141A","pid":24988,"level":20,"msg":"Working directory: \u001b[35m~\\Desktop\\zjs1224522500.github.io\\\u001b[39m","time":"2018-08-16T14:20:26.510Z","v":0}
{"name":"hexo","hostname":"CTUN50932141A","pid":24988,"level":20,"msg":"Config loaded: \u001b[35m~\\Desktop\\zjs1224522500.github.io\\_config.yml\u001b[39m","time":"2018-08-16T14:20:26.950Z","v":0}
{"name":"hexo","hostname":"CTUN50932141A","pid":24988,"level":20,"msg":"Plugin loaded: \u001b[35mhexo-deployer-git\u001b[39m","time":"2018-08-16T14:20:27.029Z","v":0}
{"name":"hexo","hostname":"CTUN50932141A","pid":24988,"level":20,"msg":"Plugin loaded: \u001b[35mhexo-fs\u001b[39m","time":"2018-08-16T14:20:27.045Z","v":0}
{"name":"hexo","hostname":"CTUN50932141A","pid":24988,"level":20,"msg":"Plugin loaded: \u001b[35mhexo-generator-archive\u001b[39m","time":"2018-08-16T14:20:27.062Z","v":0}
{"name":"hexo","hostname":"CTUN50932141A","pid":24988,"level":20,"msg":"Plugin loaded: \u001b[35mhexo-generator-category\u001b[39m","time":"2018-08-16T14:20:27.077Z","v":0}
{"name":"hexo","hostname":"CTUN50932141A","pid":24988,"level":20,"msg":"Plugin loaded: \u001b[35mhexo-generator-index\u001b[39m","time":"2018-08-16T14:20:27.091Z","v":0}
{"name":"hexo","hostname":"CTUN50932141A","pid":24988,"level":20,"msg":"Plugin loaded: \u001b[35mhexo-generator-json-content\u001b[39m","time":"2018-08-16T14:20:27.212Z","v":0}
{"name":"hexo","hostname":"CTUN50932141A","pid":24988,"level":20,"msg":"Plugin loaded: \u001b[35mhexo-generator-tag\u001b[39m","time":"2018-08-16T14:20:27.221Z","v":0}
{"name":"hexo","hostname":"CTUN50932141A","pid":24988,"level":20,"msg":"Plugin loaded: \u001b[35mhexo-renderer-ejs\u001b[39m","time":"2018-08-16T14:20:27.239Z","v":0}
{"name":"hexo","hostname":"CTUN50932141A","pid":24988,"level":20,"msg":"Plugin loaded: \u001b[35mhexo-renderer-marked\u001b[39m","time":"2018-08-16T14:20:27.266Z","v":0}
{"name":"hexo","hostname":"CTUN50932141A","pid":24988,"level":20,"msg":"Plugin loaded: \u001b[35mhexo-renderer-stylus\u001b[39m","time":"2018-08-16T14:20:27.274Z","v":0}
{"name":"hexo","hostname":"CTUN50932141A","pid":24988,"level":20,"msg":"Plugin loaded: \u001b[35mhexo-server\u001b[39m","time":"2018-08-16T14:20:27.633Z","v":0}
{"name":"hexo","hostname":"CTUN50932141A","pid":24988,"level":30,"msg":"Deleted database.","time":"2018-08-16T14:20:27.662Z","v":0}
{"name":"hexo","hostname":"CTUN50932141A","pid":24988,"level":20,"msg":"Database saved","time":"2018-08-16T14:20:27.674Z","v":0}
{"name":"hexo","hostname":"CTUN50932141A","pid":21796,"level":20,"msg":"Hexo version: \u001b[35m3.3.5\u001b[39m","time":"2018-08-16T14:22:00.861Z","v":0}
{"name":"hexo","hostname":"CTUN50932141A","pid":21796,"level":20,"msg":"Working directory: \u001b[35m~\\Desktop\\zjs1224522500.github.io\\\u001b[39m","time":"2018-08-16T14:22:00.863Z","v":0}
{"name":"hexo","hostname":"CTUN50932141A","pid":21796,"level":20,"msg":"Config loaded: \u001b[35m~\\Desktop\\zjs1224522500.github.io\\_config.yml\u001b[39m","time":"2018-08-16T14:22:01.524Z","v":0}
{"name":"hexo","hostname":"CTUN50932141A","pid":21796,"level":20,"msg":"Plugin loaded: \u001b[35mhexo-generator-archive\u001b[39m","time":"2018-08-16T14:22:01.605Z","v":0}
{"name":"hexo","hostname":"CTUN50932141A","pid":21796,"level":20,"msg":"Plugin loaded: \u001b[35mhexo-deployer-git\u001b[39m","time":"2018-08-16T14:22:01.673Z","v":0}
{"name":"hexo","hostname":"CTUN50932141A","pid":21796,"level":20,"msg":"Plugin loaded: \u001b[35mhexo-generator-category\u001b[39m","time":"2018-08-16T14:22:01.686Z","v":0}
{"name":"hexo","hostname":"CTUN50932141A","pid":21796,"level":20,"msg":"Plugin loaded: \u001b[35mhexo-generator-index\u001b[39m","time":"2018-08-16T14:22:01.699Z","v":0}
{"name":"hexo","hostname":"CTUN50932141A","pid":21796,"level":20,"msg":"Plugin loaded: \u001b[35mhexo-generator-json-content\u001b[39m","time":"2018-08-16T14:22:01.870Z","v":0}
{"name":"hexo","hostname":"CTUN50932141A","pid":21796,"level":20,"msg":"Plugin loaded: \u001b[35mhexo-generator-tag\u001b[39m","time":"2018-08-16T14:22:01.878Z","v":0}
{"name":"hexo","hostname":"CTUN50932141A","pid":21796,"level":20,"msg":"Plugin loaded: \u001b[35mhexo-renderer-ejs\u001b[39m","time":"2018-08-16T14:22:01.903Z","v":0}
{"name":"hexo","hostname":"CTUN50932141A","pid":21796,"level":20,"msg":"Plugin loaded: \u001b[35mhexo-renderer-marked\u001b[39m","time":"2018-08-16T14:22:01.940Z","v":0}
{"name":"hexo","hostname":"CTUN50932141A","pid":21796,"level":20,"msg":"Plugin loaded: \u001b[35mhexo-renderer-stylus\u001b[39m","time":"2018-08-16T14:22:01.944Z","v":0}
{"name":"hexo","hostname":"CTUN50932141A","pid":21796,"level":20,"msg":"Plugin loaded: \u001b[35mhexo-server\u001b[39m","time":"2018-08-16T14:22:02.524Z","v":0}
{"name":"hexo","hostname":"CTUN50932141A","pid":21796,"level":30,"msg":"Deleted database.","time":"2018-08-16T14:22:02.580Z","v":0}
{"name":"hexo","hostname":"CTUN50932141A","pid":21796,"level":20,"msg":"Database saved","time":"2018-08-16T14:22:02.609Z","v":0}
{"name":"hexo","hostname":"CTUN50932141A","pid":24636,"level":20,"msg":"Hexo version: \u001b[35m3.3.5\u001b[39m","time":"2018-08-16T14:24:07.219Z","v":0}
{"name":"hexo","hostname":"CTUN50932141A","pid":24636,"level":20,"msg":"Working directory: \u001b[35m~\\Desktop\\zjs1224522500.github.io\\\u001b[39m","time":"2018-08-16T14:24:07.224Z","v":0}
{"name":"hexo","hostname":"CTUN50932141A","pid":24636,"level":20,"msg":"Config loaded: \u001b[35m~\\Desktop\\zjs1224522500.github.io\\_config.yml\u001b[39m","time":"2018-08-16T14:24:07.819Z","v":0}
{"name":"hexo","hostname":"CTUN50932141A","pid":24636,"level":20,"msg":"Plugin loaded: \u001b[35mhexo-deployer-git\u001b[39m","time":"2018-08-16T14:24:07.939Z","v":0}
{"name":"hexo","hostname":"CTUN50932141A","pid":24636,"level":20,"msg":"Plugin loaded: \u001b[35mhexo-fs\u001b[39m","time":"2018-08-16T14:24:07.957Z","v":0}
{"name":"hexo","hostname":"CTUN50932141A","pid":24636,"level":20,"msg":"Plugin loaded: \u001b[35mhexo-generator-archive\u001b[39m","time":"2018-08-16T14:24:07.989Z","v":0}
{"name":"hexo","hostname":"CTUN50932141A","pid":24636,"level":20,"msg":"Plugin loaded: \u001b[35mhexo-generator-json-content\u001b[39m","time":"2018-08-16T14:24:08.175Z","v":0}
{"name":"hexo","hostname":"CTUN50932141A","pid":24636,"level":20,"msg":"Plugin loaded: \u001b[35mhexo-generator-index\u001b[39m","time":"2018-08-16T14:24:08.215Z","v":0}
{"name":"hexo","hostname":"CTUN50932141A","pid":24636,"level":20,"msg":"Plugin loaded: \u001b[35mhexo-generator-category\u001b[39m","time":"2018-08-16T14:24:08.233Z","v":0}
{"name":"hexo","hostname":"CTUN50932141A","pid":24636,"level":20,"msg":"Plugin loaded: \u001b[35mhexo-generator-tag\u001b[39m","time":"2018-08-16T14:24:08.249Z","v":0}
{"name":"hexo","hostname":"CTUN50932141A","pid":24636,"level":20,"msg":"Plugin loaded: \u001b[35mhexo-renderer-ejs\u001b[39m","time":"2018-08-16T14:24:08.279Z","v":0}
{"name":"hexo","hostname":"CTUN50932141A","pid":24636,"level":20,"msg":"Plugin loaded: \u001b[35mhexo-renderer-marked\u001b[39m","time":"2018-08-16T14:24:08.326Z","v":0}
{"name":"hexo","hostname":"CTUN50932141A","pid":24636,"level":20,"msg":"Plugin loaded: \u001b[35mhexo-renderer-stylus\u001b[39m","time":"2018-08-16T14:24:08.337Z","v":0}
{"name":"hexo","hostname":"CTUN50932141A","pid":24636,"level":20,"msg":"Plugin loaded: \u001b[35mhexo-server\u001b[39m","time":"2018-08-16T14:24:08.848Z","v":0}
{"name":"hexo","hostname":"CTUN50932141A","pid":24636,"level":30,"msg":"Deleted database.","time":"2018-08-16T14:24:08.897Z","v":0}
{"name":"hexo","hostname":"CTUN50932141A","pid":24636,"level":20,"msg":"Database saved","time":"2018-08-16T14:24:08.917Z","v":0}
{"name":"hexo","hostname":"CTUN50932141A","pid":3436,"level":20,"msg":"Hexo version: \u001b[35m3.7.1\u001b[39m","time":"2018-08-16T14:38:29.920Z","v":0}
{"name":"hexo","hostname":"CTUN50932141A","pid":3436,"level":20,"msg":"Working directory: \u001b[35m~\\Desktop\\zjs1224522500.github.io\\\u001b[39m","time":"2018-08-16T14:38:29.924Z","v":0}
{"name":"hexo","hostname":"CTUN50932141A","pid":3436,"level":20,"msg":"Config loaded: \u001b[35m~\\Desktop\\zjs1224522500.github.io\\_config.yml\u001b[39m","time":"2018-08-16T14:38:30.269Z","v":0}
{"name":"hexo","hostname":"CTUN50932141A","pid":3436,"level":20,"msg":"Plugin loaded: \u001b[35mhexo-fs\u001b[39m","time":"2018-08-16T14:38:30.360Z","v":0}
{"name":"hexo","hostname":"CTUN50932141A","pid":3436,"level":20,"msg":"Plugin loaded: \u001b[35mhexo-deployer-git\u001b[39m","time":"2018-08-16T14:38:30.458Z","v":0}
{"name":"hexo","hostname":"CTUN50932141A","pid":3436,"level":20,"msg":"Plugin loaded: \u001b[35mhexo-generator-archive\u001b[39m","time":"2018-08-16T14:38:30.476Z","v":0}
{"name":"hexo","hostname":"CTUN50932141A","pid":3436,"level":20,"msg":"Plugin loaded: \u001b[35mhexo-generator-json-content\u001b[39m","time":"2018-08-16T14:38:30.610Z","v":0}
{"name":"hexo","hostname":"CTUN50932141A","pid":3436,"level":20,"msg":"Plugin loaded: \u001b[35mhexo-generator-index\u001b[39m","time":"2018-08-16T14:38:30.621Z","v":0}
{"name":"hexo","hostname":"CTUN50932141A","pid":3436,"level":20,"msg":"Plugin loaded: \u001b[35mhexo-generator-tag\u001b[39m","time":"2018-08-16T14:38:30.628Z","v":0}
{"name":"hexo","hostname":"CTUN50932141A","pid":3436,"level":20,"msg":"Plugin loaded: \u001b[35mhexo-renderer-ejs\u001b[39m","time":"2018-08-16T14:38:30.643Z","v":0}
{"name":"hexo","hostname":"CTUN50932141A","pid":3436,"level":20,"msg":"Plugin loaded: \u001b[35mhexo-renderer-stylus\u001b[39m","time":"2018-08-16T14:38:30.647Z","v":0}
{"name":"hexo","hostname":"CTUN50932141A","pid":3436,"level":20,"msg":"Plugin loaded: \u001b[35mhexo-generator-category\u001b[39m","time":"2018-08-16T14:38:30.657Z","v":0}
{"name":"hexo","hostname":"CTUN50932141A","pid":3436,"level":20,"msg":"Plugin loaded: \u001b[35mhexo-renderer-marked\u001b[39m","time":"2018-08-16T14:38:30.718Z","v":0}
{"name":"hexo","hostname":"CTUN50932141A","pid":3436,"level":20,"msg":"Plugin loaded: \u001b[35mhexo-server\u001b[39m","time":"2018-08-16T14:38:31.005Z","v":0}
{"name":"hexo","hostname":"CTUN50932141A","pid":3436,"level":30,"msg":"Deleted database.","time":"2018-08-16T14:38:31.012Z","v":0}
{"name":"hexo","hostname":"CTUN50932141A","pid":3436,"level":30,"msg":"Deleted public folder.","time":"2018-08-16T14:38:31.166Z","v":0}
{"name":"hexo","hostname":"CTUN50932141A","pid":3436,"level":20,"msg":"Database saved","time":"2018-08-16T14:38:31.179Z","v":0}
{"name":"hexo","hostname":"CTUN50932141A","pid":16388,"level":20,"msg":"Hexo version: \u001b[35m3.7.1\u001b[39m","time":"2018-08-16T14:38:40.428Z","v":0}
{"name":"hexo","hostname":"CTUN50932141A","pid":16388,"level":20,"msg":"Working directory: \u001b[35m~\\Desktop\\zjs1224522500.github.io\\\u001b[39m","time":"2018-08-16T14:38:40.433Z","v":0}
{"name":"hexo","hostname":"CTUN50932141A","pid":16388,"level":20,"msg":"Config loaded: \u001b[35m~\\Desktop\\zjs1224522500.github.io\\_config.yml\u001b[39m","time":"2018-08-16T14:38:40.819Z","v":0}
{"name":"hexo","hostname":"CTUN50932141A","pid":16388,"level":20,"msg":"Plugin loaded: \u001b[35mhexo-fs\u001b[39m","time":"2018-08-16T14:38:40.907Z","v":0}
{"name":"hexo","hostname":"CTUN50932141A","pid":16388,"level":20,"msg":"Plugin loaded: \u001b[35mhexo-deployer-git\u001b[39m","time":"2018-08-16T14:38:40.987Z","v":0}
{"name":"hexo","hostname":"CTUN50932141A","pid":16388,"level":20,"msg":"Plugin loaded: \u001b[35mhexo-generator-category\u001b[39m","time":"2018-08-16T14:38:41.002Z","v":0}
{"name":"hexo","hostname":"CTUN50932141A","pid":16388,"level":20,"msg":"Plugin loaded: \u001b[35mhexo-generator-archive\u001b[39m","time":"2018-08-16T14:38:41.011Z","v":0}
{"name":"hexo","hostname":"CTUN50932141A","pid":16388,"level":20,"msg":"Plugin loaded: \u001b[35mhexo-generator-index\u001b[39m","time":"2018-08-16T14:38:41.021Z","v":0}
{"name":"hexo","hostname":"CTUN50932141A","pid":16388,"level":20,"msg":"Plugin loaded: \u001b[35mhexo-generator-json-content\u001b[39m","time":"2018-08-16T14:38:41.119Z","v":0}
{"name":"hexo","hostname":"CTUN50932141A","pid":16388,"level":20,"msg":"Plugin loaded: \u001b[35mhexo-generator-tag\u001b[39m","time":"2018-08-16T14:38:41.124Z","v":0}
{"name":"hexo","hostname":"CTUN50932141A","pid":16388,"level":20,"msg":"Plugin loaded: \u001b[35mhexo-renderer-ejs\u001b[39m","time":"2018-08-16T14:38:41.134Z","v":0}
{"name":"hexo","hostname":"CTUN50932141A","pid":16388,"level":20,"msg":"Plugin loaded: \u001b[35mhexo-renderer-marked\u001b[39m","time":"2018-08-16T14:38:41.176Z","v":0}
{"name":"hexo","hostname":"CTUN50932141A","pid":16388,"level":20,"msg":"Plugin loaded: \u001b[35mhexo-renderer-stylus\u001b[39m","time":"2018-08-16T14:38:41.179Z","v":0}
{"name":"hexo","hostname":"CTUN50932141A","pid":16388,"level":20,"msg":"Plugin loaded: \u001b[35mhexo-server\u001b[39m","time":"2018-08-16T14:38:41.478Z","v":0}
{"name":"hexo","hostname":"CTUN50932141A","pid":16388,"level":20,"msg":"Loading database.","time":"2018-08-16T14:38:41.485Z","v":0}
{"name":"hexo","hostname":"CTUN50932141A","pid":16388,"level":30,"msg":"Start processing","time":"2018-08-16T14:38:41.497Z","v":0}
{"name":"hexo","hostname":"CTUN50932141A","pid":16388,"level":20,"msg":"Processed: \u001b[35mCNAME\u001b[39m","time":"2018-08-16T14:38:41.526Z","v":0}
{"name":"hexo","hostname":"CTUN50932141A","pid":16388,"level":20,"msg":"Processed: \u001b[35m_posts/Adapter.md\u001b[39m","time":"2018-08-16T14:38:41.600Z","v":0}
{"name":"hexo","hostname":"CTUN50932141A","pid":16388,"level":20,"msg":"Processed: \u001b[35m_posts/Docker-cmd.md\u001b[39m","time":"2018-08-16T14:38:41.621Z","v":0}
{"name":"hexo","hostname":"CTUN50932141A","pid":16388,"level":20,"msg":"Processed: \u001b[35m_posts/Docker-start.md\u001b[39m","time":"2018-08-16T14:38:41.654Z","v":0}
{"name":"hexo","hostname":"CTUN50932141A","pid":16388,"level":20,"msg":"Processed: \u001b[35m_posts/Head-Frist-Spring-Cloud.md\u001b[39m","time":"2018-08-16T14:38:41.667Z","v":0}
{"name":"hexo","hostname":"CTUN50932141A","pid":16388,"level":20,"msg":"Processed: \u001b[35m_posts/Hello,my first blog by hexo.md\u001b[39m","time":"2018-08-16T14:38:41.678Z","v":0}
{"name":"hexo","hostname":"CTUN50932141A","pid":16388,"level":20,"msg":"Processed: \u001b[35m_posts/java-one.md\u001b[39m","time":"2018-08-16T14:38:41.683Z","v":0}
{"name":"hexo","hostname":"CTUN50932141A","pid":16388,"level":20,"msg":"Processed: \u001b[35m_posts/Java.String.md\u001b[39m","time":"2018-08-16T14:38:41.685Z","v":0}
{"name":"hexo","hostname":"CTUN50932141A","pid":16388,"level":20,"msg":"Processed: \u001b[35m_posts/learn-spring-data-jpa.md\u001b[39m","time":"2018-08-16T14:38:41.691Z","v":0}
{"name":"hexo","hostname":"CTUN50932141A","pid":16388,"level":20,"msg":"Processed: \u001b[35m_posts/One quarter.md\u001b[39m","time":"2018-08-16T14:38:41.693Z","v":0}
{"name":"hexo","hostname":"CTUN50932141A","pid":16388,"level":20,"msg":"Processed: \u001b[35m_posts/Servlet-apply-one.md\u001b[39m","time":"2018-08-16T14:38:41.696Z","v":0}
{"name":"hexo","hostname":"CTUN50932141A","pid":16388,"level":20,"msg":"Processed: \u001b[35m_posts/Servlet-apply-two.md\u001b[39m","time":"2018-08-16T14:38:41.699Z","v":0}
{"name":"hexo","hostname":"CTUN50932141A","pid":16388,"level":20,"msg":"Processed: \u001b[35m_posts/Servlet-basic.md\u001b[39m","time":"2018-08-16T14:38:41.702Z","v":0}
{"name":"hexo","hostname":"CTUN50932141A","pid":16388,"level":20,"msg":"Processed: \u001b[35m_posts/VerifyCode-Java.md\u001b[39m","time":"2018-08-16T14:38:41.707Z","v":0}
{"name":"hexo","hostname":"CTUN50932141A","pid":16388,"level":20,"msg":"Processed: \u001b[35m_posts/apply-intern-java.md\u001b[39m","time":"2018-08-16T14:38:41.709Z","v":0}
{"name":"hexo","hostname":"CTUN50932141A","pid":16388,"level":20,"msg":"Processed: \u001b[35m_posts/arithmetic-sort-exercise-one.md\u001b[39m","time":"2018-08-16T14:38:41.712Z","v":0}
{"name":"hexo","hostname":"CTUN50932141A","pid":16388,"level":20,"msg":"Processed: \u001b[35m_posts/os-one.md\u001b[39m","time":"2018-08-16T14:38:41.714Z","v":0}
{"name":"hexo","hostname":"CTUN50932141A","pid":16388,"level":20,"msg":"Processed: \u001b[35m_posts/os-two.md\u001b[39m","time":"2018-08-16T14:38:41.723Z","v":0}
{"name":"hexo","hostname":"CTUN50932141A","pid":16388,"level":20,"msg":"Processed: \u001b[35m_posts/redis-start-one.md\u001b[39m","time":"2018-08-16T14:38:41.727Z","v":0}
{"name":"hexo","hostname":"CTUN50932141A","pid":16388,"level":20,"msg":"Processed: \u001b[35m_posts/redis-data-structure-two.md\u001b[39m","time":"2018-08-16T14:38:41.730Z","v":0}
{"name":"hexo","hostname":"CTUN50932141A","pid":16388,"level":20,"msg":"Processed: \u001b[35m_posts/tomcat-one.md\u001b[39m","time":"2018-08-16T14:38:41.743Z","v":0}
{"name":"hexo","hostname":"CTUN50932141A","pid":16388,"level":20,"msg":"Processed: \u001b[35m_posts/tinySpring-learnOne-IOC.md\u001b[39m","time":"2018-08-16T14:38:41.745Z","v":0}
{"name":"hexo","hostname":"CTUN50932141A","pid":16388,"level":20,"msg":"Processed: \u001b[35m_posts/tinyspring-learnTwo-AOP.md\u001b[39m","time":"2018-08-16T14:38:41.749Z","v":0}
{"name":"hexo","hostname":"CTUN50932141A","pid":16388,"level":20,"msg":"Processed: \u001b[35m_posts/transaction-and-lock.md\u001b[39m","time":"2018-08-16T14:38:41.751Z","v":0}
{"name":"hexo","hostname":"CTUN50932141A","pid":16388,"level":20,"msg":"Generator: \u001b[35mpage\u001b[39m","time":"2018-08-16T14:38:42.753Z","v":0}
{"name":"hexo","hostname":"CTUN50932141A","pid":16388,"level":20,"msg":"Generator: \u001b[35mpost\u001b[39m","time":"2018-08-16T14:38:42.755Z","v":0}
{"name":"hexo","hostname":"CTUN50932141A","pid":16388,"level":20,"msg":"Generator: \u001b[35mcategory\u001b[39m","time":"2018-08-16T14:38:42.755Z","v":0}
{"name":"hexo","hostname":"CTUN50932141A","pid":16388,"level":20,"msg":"Generator: \u001b[35marchive\u001b[39m","time":"2018-08-16T14:38:42.756Z","v":0}
{"name":"hexo","hostname":"CTUN50932141A","pid":16388,"level":20,"msg":"Generator: \u001b[35mindex\u001b[39m","time":"2018-08-16T14:38:42.757Z","v":0}
{"name":"hexo","hostname":"CTUN50932141A","pid":16388,"level":20,"msg":"Generator: \u001b[35mjson-content\u001b[39m","time":"2018-08-16T14:38:42.758Z","v":0}
{"name":"hexo","hostname":"CTUN50932141A","pid":16388,"level":20,"msg":"Generator: \u001b[35mtag\u001b[39m","time":"2018-08-16T14:38:42.758Z","v":0}
{"name":"hexo","hostname":"CTUN50932141A","pid":16388,"level":20,"msg":"Generator: \u001b[35masset\u001b[39m","time":"2018-08-16T14:38:42.760Z","v":0}
{"name":"hexo","hostname":"CTUN50932141A","pid":16388,"level":30,"msg":"Files loaded in \u001b[36m1.29 s\u001b[39m","time":"2018-08-16T14:38:42.780Z","v":0}
{"name":"hexo","hostname":"CTUN50932141A","pid":16388,"level":40,"msg":"No layout: \u001b[35m2018/05/07/learn-spring-data-jpa/index.html\u001b[39m","time":"2018-08-16T14:38:42.846Z","v":0}
{"name":"hexo","hostname":"CTUN50932141A","pid":16388,"level":40,"msg":"No layout: \u001b[35m2018/07/31/os-two/index.html\u001b[39m","time":"2018-08-16T14:38:42.848Z","v":0}
{"name":"hexo","hostname":"CTUN50932141A","pid":16388,"level":40,"msg":"No layout: \u001b[35m2018/02/07/Head-Frist-Spring-Cloud/index.html\u001b[39m","time":"2018-08-16T14:38:42.849Z","v":0}
{"name":"hexo","hostname":"CTUN50932141A","pid":16388,"level":40,"msg":"No layout: \u001b[35m2018/04/11/tinyspring-learnTwo-AOP/index.html\u001b[39m","time":"2018-08-16T14:38:42.850Z","v":0}
{"name":"hexo","hostname":"CTUN50932141A","pid":16388,"level":40,"msg":"No layout: \u001b[35m2017/12/22/apply-intern-java/index.html\u001b[39m","time":"2018-08-16T14:38:42.850Z","v":0}
{"name":"hexo","hostname":"CTUN50932141A","pid":16388,"level":40,"msg":"No layout: \u001b[35m2017/12/22/transaction-and-lock/index.html\u001b[39m","time":"2018-08-16T14:38:42.851Z","v":0}
{"name":"hexo","hostname":"CTUN50932141A","pid":16388,"level":40,"msg":"No layout: \u001b[35m2017/12/14/arithmetic-sort-exercise-one/index.html\u001b[39m","time":"2018-08-16T14:38:42.852Z","v":0}
{"name":"hexo","hostname":"CTUN50932141A","pid":16388,"level":40,"msg":"No layout: \u001b[35m2017/12/08/redis-data-structure-two/index.html\u001b[39m","time":"2018-08-16T14:38:42.853Z","v":0}
{"name":"hexo","hostname":"CTUN50932141A","pid":16388,"level":40,"msg":"No layout: \u001b[35m2017/12/08/redis-start-one/index.html\u001b[39m","time":"2018-08-16T14:38:42.854Z","v":0}
{"name":"hexo","hostname":"CTUN50932141A","pid":16388,"level":40,"msg":"No layout: \u001b[35m2017/11/19/tinySpring-learnOne-IOC/index.html\u001b[39m","time":"2018-08-16T14:38:42.854Z","v":0}
{"name":"hexo","hostname":"CTUN50932141A","pid":16388,"level":40,"msg":"No layout: \u001b[35m2017/11/02/Servlet-apply-one/index.html\u001b[39m","time":"2018-08-16T14:38:42.855Z","v":0}
{"name":"hexo","hostname":"CTUN50932141A","pid":16388,"level":40,"msg":"No layout: \u001b[35m2017/11/03/Servlet-apply-two/index.html\u001b[39m","time":"2018-08-16T14:38:42.858Z","v":0}
{"name":"hexo","hostname":"CTUN50932141A","pid":16388,"level":40,"msg":"No layout: \u001b[35m2017/10/30/VerifyCode-Java/index.html\u001b[39m","time":"2018-08-16T14:38:42.859Z","v":0}
{"name":"hexo","hostname":"CTUN50932141A","pid":16388,"level":40,"msg":"No layout: \u001b[35m2017/10/29/Servlet-basic/index.html\u001b[39m","time":"2018-08-16T14:38:42.859Z","v":0}
{"name":"hexo","hostname":"CTUN50932141A","pid":16388,"level":40,"msg":"No layout: \u001b[35m2017/10/25/Docker-cmd/index.html\u001b[39m","time":"2018-08-16T14:38:42.860Z","v":0}
{"name":"hexo","hostname":"CTUN50932141A","pid":16388,"level":40,"msg":"No layout: \u001b[35m2017/10/25/Docker-start/index.html\u001b[39m","time":"2018-08-16T14:38:42.861Z","v":0}
{"name":"hexo","hostname":"CTUN50932141A","pid":16388,"level":40,"msg":"No layout: \u001b[35m2017/10/20/tomcat-one/index.html\u001b[39m","time":"2018-08-16T14:38:42.862Z","v":0}
{"name":"hexo","hostname":"CTUN50932141A","pid":16388,"level":40,"msg":"No layout: \u001b[35m2017/05/07/Java.String/index.html\u001b[39m","time":"2018-08-16T14:38:42.862Z","v":0}
{"name":"hexo","hostname":"CTUN50932141A","pid":16388,"level":40,"msg":"No layout: \u001b[35m2017/10/07/Adapter/index.html\u001b[39m","time":"2018-08-16T14:38:42.863Z","v":0}
{"name":"hexo","hostname":"CTUN50932141A","pid":16388,"level":40,"msg":"No layout: \u001b[35m2017/05/02/os-one/index.html\u001b[39m","time":"2018-08-16T14:38:42.864Z","v":0}
{"name":"hexo","hostname":"CTUN50932141A","pid":16388,"level":40,"msg":"No layout: \u001b[35m2017/04/30/Hello,my first blog by hexo/index.html\u001b[39m","time":"2018-08-16T14:38:42.864Z","v":0}
{"name":"hexo","hostname":"CTUN50932141A","pid":16388,"level":40,"msg":"No layout: \u001b[35m2017/04/30/java-one/index.html\u001b[39m","time":"2018-08-16T14:38:42.865Z","v":0}
{"name":"hexo","hostname":"CTUN50932141A","pid":16388,"level":40,"msg":"No layout: \u001b[35m2016/07/01/One quarter/index.html\u001b[39m","time":"2018-08-16T14:38:42.867Z","v":0}
{"name":"hexo","hostname":"CTUN50932141A","pid":16388,"level":40,"msg":"No layout: \u001b[35marchives/index.html\u001b[39m","time":"2018-08-16T14:38:42.871Z","v":0}
{"name":"hexo","hostname":"CTUN50932141A","pid":16388,"level":40,"msg":"No layout: \u001b[35marchives/page/2/index.html\u001b[39m","time":"2018-08-16T14:38:42.872Z","v":0}
{"name":"hexo","hostname":"CTUN50932141A","pid":16388,"level":40,"msg":"No layout: \u001b[35marchives/page/3/index.html\u001b[39m","time":"2018-08-16T14:38:42.873Z","v":0}
{"name":"hexo","hostname":"CTUN50932141A","pid":16388,"level":40,"msg":"No layout: \u001b[35marchives/2016/index.html\u001b[39m","time":"2018-08-16T14:38:42.873Z","v":0}
{"name":"hexo","hostname":"CTUN50932141A","pid":16388,"level":40,"msg":"No layout: \u001b[35marchives/2016/07/index.html\u001b[39m","time":"2018-08-16T14:38:42.874Z","v":0}
{"name":"hexo","hostname":"CTUN50932141A","pid":16388,"level":40,"msg":"No layout: \u001b[35marchives/2017/index.html\u001b[39m","time":"2018-08-16T14:38:42.875Z","v":0}
{"name":"hexo","hostname":"CTUN50932141A","pid":16388,"level":40,"msg":"No layout: \u001b[35marchives/2017/page/2/index.html\u001b[39m","time":"2018-08-16T14:38:42.875Z","v":0}
{"name":"hexo","hostname":"CTUN50932141A","pid":16388,"level":40,"msg":"No layout: \u001b[35marchives/2017/04/index.html\u001b[39m","time":"2018-08-16T14:38:42.876Z","v":0}
{"name":"hexo","hostname":"CTUN50932141A","pid":16388,"level":40,"msg":"No layout: \u001b[35marchives/2017/05/index.html\u001b[39m","time":"2018-08-16T14:38:42.880Z","v":0}
{"name":"hexo","hostname":"CTUN50932141A","pid":16388,"level":40,"msg":"No layout: \u001b[35marchives/2017/10/index.html\u001b[39m","time":"2018-08-16T14:38:42.881Z","v":0}
{"name":"hexo","hostname":"CTUN50932141A","pid":16388,"level":40,"msg":"No layout: \u001b[35marchives/2017/11/index.html\u001b[39m","time":"2018-08-16T14:38:42.882Z","v":0}
{"name":"hexo","hostname":"CTUN50932141A","pid":16388,"level":40,"msg":"No layout: \u001b[35marchives/2017/12/index.html\u001b[39m","time":"2018-08-16T14:38:42.882Z","v":0}
{"name":"hexo","hostname":"CTUN50932141A","pid":16388,"level":40,"msg":"No layout: \u001b[35marchives/2018/index.html\u001b[39m","time":"2018-08-16T14:38:42.883Z","v":0}
{"name":"hexo","hostname":"CTUN50932141A","pid":16388,"level":40,"msg":"No layout: \u001b[35marchives/2018/02/index.html\u001b[39m","time":"2018-08-16T14:38:42.883Z","v":0}
{"name":"hexo","hostname":"CTUN50932141A","pid":16388,"level":40,"msg":"No layout: \u001b[35marchives/2018/04/index.html\u001b[39m","time":"2018-08-16T14:38:42.884Z","v":0}
{"name":"hexo","hostname":"CTUN50932141A","pid":16388,"level":40,"msg":"No layout: \u001b[35marchives/2018/05/index.html\u001b[39m","time":"2018-08-16T14:38:42.885Z","v":0}
{"name":"hexo","hostname":"CTUN50932141A","pid":16388,"level":40,"msg":"No layout: \u001b[35marchives/2018/07/index.html\u001b[39m","time":"2018-08-16T14:38:42.885Z","v":0}
{"name":"hexo","hostname":"CTUN50932141A","pid":16388,"level":40,"msg":"No layout: \u001b[35mindex.html\u001b[39m","time":"2018-08-16T14:38:42.886Z","v":0}
{"name":"hexo","hostname":"CTUN50932141A","pid":16388,"level":40,"msg":"No layout: \u001b[35mpage/2/index.html\u001b[39m","time":"2018-08-16T14:38:42.887Z","v":0}
{"name":"hexo","hostname":"CTUN50932141A","pid":16388,"level":40,"msg":"No layout: \u001b[35mpage/3/index.html\u001b[39m","time":"2018-08-16T14:38:42.890Z","v":0}
{"name":"hexo","hostname":"CTUN50932141A","pid":16388,"level":40,"msg":"No layout: \u001b[35mtags/设计模式/index.html\u001b[39m","time":"2018-08-16T14:38:42.893Z","v":0}
{"name":"hexo","hostname":"CTUN50932141A","pid":16388,"level":40,"msg":"No layout: \u001b[35mtags/服务器/index.html\u001b[39m","time":"2018-08-16T14:38:42.894Z","v":0}
{"name":"hexo","hostname":"CTUN50932141A","pid":16388,"level":40,"msg":"No layout: \u001b[35mtags/Spring/index.html\u001b[39m","time":"2018-08-16T14:38:42.894Z","v":0}
{"name":"hexo","hostname":"CTUN50932141A","pid":16388,"level":40,"msg":"No layout: \u001b[35mtags/JavaSE/index.html\u001b[39m","time":"2018-08-16T14:38:42.895Z","v":0}
{"name":"hexo","hostname":"CTUN50932141A","pid":16388,"level":40,"msg":"No layout: \u001b[35mtags/随笔/index.html\u001b[39m","time":"2018-08-16T14:38:42.896Z","v":0}
{"name":"hexo","hostname":"CTUN50932141A","pid":16388,"level":40,"msg":"No layout: \u001b[35mtags/JavaWeb/index.html\u001b[39m","time":"2018-08-16T14:38:42.897Z","v":0}
{"name":"hexo","hostname":"CTUN50932141A","pid":16388,"level":40,"msg":"No layout: \u001b[35mtags/面经/index.html\u001b[39m","time":"2018-08-16T14:38:42.897Z","v":0}
{"name":"hexo","hostname":"CTUN50932141A","pid":16388,"level":40,"msg":"No layout: \u001b[35mtags/算法/index.html\u001b[39m","time":"2018-08-16T14:38:42.898Z","v":0}
{"name":"hexo","hostname":"CTUN50932141A","pid":16388,"level":40,"msg":"No layout: \u001b[35mtags/OS/index.html\u001b[39m","time":"2018-08-16T14:38:42.899Z","v":0}
{"name":"hexo","hostname":"CTUN50932141A","pid":16388,"level":40,"msg":"No layout: \u001b[35mtags/Redis/index.html\u001b[39m","time":"2018-08-16T14:38:42.901Z","v":0}
{"name":"hexo","hostname":"CTUN50932141A","pid":16388,"level":40,"msg":"No layout: \u001b[35mtags/数据库/index.html\u001b[39m","time":"2018-08-16T14:38:42.902Z","v":0}
{"name":"hexo","hostname":"CTUN50932141A","pid":16388,"level":30,"msg":"Generated: \u001b[35mcontent.json\u001b[39m","time":"2018-08-16T14:38:42.944Z","v":0}
{"name":"hexo","hostname":"CTUN50932141A","pid":16388,"level":30,"msg":"Generated: \u001b[35mindex.html\u001b[39m","time":"2018-08-16T14:38:42.978Z","v":0}
{"name":"hexo","hostname":"CTUN50932141A","pid":16388,"level":30,"msg":"Generated: \u001b[35marchives/index.html\u001b[39m","time":"2018-08-16T14:38:43.018Z","v":0}
{"name":"hexo","hostname":"CTUN50932141A","pid":16388,"level":30,"msg":"Generated: \u001b[35mCNAME\u001b[39m","time":"2018-08-16T14:38:43.070Z","v":0}
{"name":"hexo","hostname":"CTUN50932141A","pid":16388,"level":30,"msg":"Generated: \u001b[35marchives/page/3/index.html\u001b[39m","time":"2018-08-16T14:38:43.098Z","v":0}
{"name":"hexo","hostname":"CTUN50932141A","pid":16388,"level":30,"msg":"Generated: \u001b[35marchives/2018/02/index.html\u001b[39m","time":"2018-08-16T14:38:43.100Z","v":0}
{"name":"hexo","hostname":"CTUN50932141A","pid":16388,"level":30,"msg":"Generated: \u001b[35marchives/2017/04/index.html\u001b[39m","time":"2018-08-16T14:38:43.101Z","v":0}
{"name":"hexo","hostname":"CTUN50932141A","pid":16388,"level":30,"msg":"Generated: \u001b[35mtags/设计模式/index.html\u001b[39m","time":"2018-08-16T14:38:43.103Z","v":0}
{"name":"hexo","hostname":"CTUN50932141A","pid":16388,"level":30,"msg":"Generated: \u001b[35marchives/2017/05/index.html\u001b[39m","time":"2018-08-16T14:38:43.104Z","v":0}
{"name":"hexo","hostname":"CTUN50932141A","pid":16388,"level":30,"msg":"Generated: \u001b[35marchives/2017/11/index.html\u001b[39m","time":"2018-08-16T14:38:43.105Z","v":0}
{"name":"hexo","hostname":"CTUN50932141A","pid":16388,"level":30,"msg":"Generated: \u001b[35marchives/2017/12/index.html\u001b[39m","time":"2018-08-16T14:38:43.106Z","v":0}
{"name":"hexo","hostname":"CTUN50932141A","pid":16388,"level":30,"msg":"Generated: \u001b[35marchives/2018/04/index.html\u001b[39m","time":"2018-08-16T14:38:43.108Z","v":0}
{"name":"hexo","hostname":"CTUN50932141A","pid":16388,"level":30,"msg":"Generated: \u001b[35marchives/2017/10/index.html\u001b[39m","time":"2018-08-16T14:38:43.110Z","v":0}
{"name":"hexo","hostname":"CTUN50932141A","pid":16388,"level":30,"msg":"Generated: \u001b[35marchives/2018/05/index.html\u001b[39m","time":"2018-08-16T14:38:43.111Z","v":0}
{"name":"hexo","hostname":"CTUN50932141A","pid":16388,"level":30,"msg":"Generated: \u001b[35marchives/2018/07/index.html\u001b[39m","time":"2018-08-16T14:38:43.112Z","v":0}
{"name":"hexo","hostname":"CTUN50932141A","pid":16388,"level":30,"msg":"Generated: \u001b[35mpage/3/index.html\u001b[39m","time":"2018-08-16T14:38:43.113Z","v":0}
{"name":"hexo","hostname":"CTUN50932141A","pid":16388,"level":30,"msg":"Generated: \u001b[35mtags/服务器/index.html\u001b[39m","time":"2018-08-16T14:38:43.114Z","v":0}
{"name":"hexo","hostname":"CTUN50932141A","pid":16388,"level":30,"msg":"Generated: \u001b[35mpage/2/index.html\u001b[39m","time":"2018-08-16T14:38:43.114Z","v":0}
{"name":"hexo","hostname":"CTUN50932141A","pid":16388,"level":30,"msg":"Generated: \u001b[35mtags/JavaSE/index.html\u001b[39m","time":"2018-08-16T14:38:43.115Z","v":0}
{"name":"hexo","hostname":"CTUN50932141A","pid":16388,"level":30,"msg":"Generated: \u001b[35mtags/随笔/index.html\u001b[39m","time":"2018-08-16T14:38:43.116Z","v":0}
{"name":"hexo","hostname":"CTUN50932141A","pid":16388,"level":30,"msg":"Generated: \u001b[35mtags/面经/index.html\u001b[39m","time":"2018-08-16T14:38:43.125Z","v":0}
{"name":"hexo","hostname":"CTUN50932141A","pid":16388,"level":30,"msg":"Generated: \u001b[35marchives/page/2/index.html\u001b[39m","time":"2018-08-16T14:38:43.131Z","v":0}
{"name":"hexo","hostname":"CTUN50932141A","pid":16388,"level":30,"msg":"Generated: \u001b[35mtags/JavaWeb/index.html\u001b[39m","time":"2018-08-16T14:38:43.132Z","v":0}
{"name":"hexo","hostname":"CTUN50932141A","pid":16388,"level":30,"msg":"Generated: \u001b[35mtags/算法/index.html\u001b[39m","time":"2018-08-16T14:38:43.134Z","v":0}
{"name":"hexo","hostname":"CTUN50932141A","pid":16388,"level":30,"msg":"Generated: \u001b[35mtags/OS/index.html\u001b[39m","time":"2018-08-16T14:38:43.137Z","v":0}
{"name":"hexo","hostname":"CTUN50932141A","pid":16388,"level":30,"msg":"Generated: \u001b[35mtags/Spring/index.html\u001b[39m","time":"2018-08-16T14:38:43.141Z","v":0}
{"name":"hexo","hostname":"CTUN50932141A","pid":16388,"level":30,"msg":"Generated: \u001b[35mtags/Redis/index.html\u001b[39m","time":"2018-08-16T14:38:43.143Z","v":0}
{"name":"hexo","hostname":"CTUN50932141A","pid":16388,"level":30,"msg":"Generated: \u001b[35mtags/数据库/index.html\u001b[39m","time":"2018-08-16T14:38:43.145Z","v":0}
{"name":"hexo","hostname":"CTUN50932141A","pid":16388,"level":30,"msg":"Generated: \u001b[35marchives/2016/index.html\u001b[39m","time":"2018-08-16T14:38:43.147Z","v":0}
{"name":"hexo","hostname":"CTUN50932141A","pid":16388,"level":30,"msg":"Generated: \u001b[35marchives/2018/index.html\u001b[39m","time":"2018-08-16T14:38:43.151Z","v":0}
{"name":"hexo","hostname":"CTUN50932141A","pid":16388,"level":30,"msg":"Generated: \u001b[35marchives/2017/index.html\u001b[39m","time":"2018-08-16T14:38:43.164Z","v":0}
{"name":"hexo","hostname":"CTUN50932141A","pid":16388,"level":30,"msg":"Generated: \u001b[35marchives/2016/07/index.html\u001b[39m","time":"2018-08-16T14:38:43.172Z","v":0}
{"name":"hexo","hostname":"CTUN50932141A","pid":16388,"level":30,"msg":"Generated: \u001b[35marchives/2017/page/2/index.html\u001b[39m","time":"2018-08-16T14:38:43.183Z","v":0}
{"name":"hexo","hostname":"CTUN50932141A","pid":16388,"level":30,"msg":"Generated: \u001b[35m2018/02/07/Head-Frist-Spring-Cloud/index.html\u001b[39m","time":"2018-08-16T14:38:43.227Z","v":0}
{"name":"hexo","hostname":"CTUN50932141A","pid":16388,"level":30,"msg":"Generated: \u001b[35m2018/04/11/tinyspring-learnTwo-AOP/index.html\u001b[39m","time":"2018-08-16T14:38:43.232Z","v":0}
{"name":"hexo","hostname":"CTUN50932141A","pid":16388,"level":30,"msg":"Generated: \u001b[35m2017/12/22/transaction-and-lock/index.html\u001b[39m","time":"2018-08-16T14:38:43.233Z","v":0}
{"name":"hexo","hostname":"CTUN50932141A","pid":16388,"level":30,"msg":"Generated: \u001b[35m2018/07/31/os-two/index.html\u001b[39m","time":"2018-08-16T14:38:43.234Z","v":0}
{"name":"hexo","hostname":"CTUN50932141A","pid":16388,"level":30,"msg":"Generated: \u001b[35m2018/05/07/learn-spring-data-jpa/index.html\u001b[39m","time":"2018-08-16T14:38:43.236Z","v":0}
{"name":"hexo","hostname":"CTUN50932141A","pid":16388,"level":30,"msg":"Generated: \u001b[35m2017/10/30/VerifyCode-Java/index.html\u001b[39m","time":"2018-08-16T14:38:43.237Z","v":0}
{"name":"hexo","hostname":"CTUN50932141A","pid":16388,"level":30,"msg":"Generated: \u001b[35m2017/11/19/tinySpring-learnOne-IOC/index.html\u001b[39m","time":"2018-08-16T14:38:43.239Z","v":0}
{"name":"hexo","hostname":"CTUN50932141A","pid":16388,"level":30,"msg":"Generated: \u001b[35m2016/07/01/One quarter/index.html\u001b[39m","time":"2018-08-16T14:38:43.240Z","v":0}
{"name":"hexo","hostname":"CTUN50932141A","pid":16388,"level":30,"msg":"Generated: \u001b[35m2017/04/30/java-one/index.html\u001b[39m","time":"2018-08-16T14:38:43.241Z","v":0}
{"name":"hexo","hostname":"CTUN50932141A","pid":16388,"level":30,"msg":"Generated: \u001b[35m2017/12/08/redis-data-structure-two/index.html\u001b[39m","time":"2018-08-16T14:38:43.241Z","v":0}
{"name":"hexo","hostname":"CTUN50932141A","pid":16388,"level":30,"msg":"Generated: \u001b[35m2017/11/03/Servlet-apply-two/index.html\u001b[39m","time":"2018-08-16T14:38:43.242Z","v":0}
{"name":"hexo","hostname":"CTUN50932141A","pid":16388,"level":30,"msg":"Generated: \u001b[35m2017/12/08/redis-start-one/index.html\u001b[39m","time":"2018-08-16T14:38:43.244Z","v":0}
{"name":"hexo","hostname":"CTUN50932141A","pid":16388,"level":30,"msg":"Generated: \u001b[35m2017/12/22/apply-intern-java/index.html\u001b[39m","time":"2018-08-16T14:38:43.245Z","v":0}
{"name":"hexo","hostname":"CTUN50932141A","pid":16388,"level":30,"msg":"Generated: \u001b[35m2017/10/25/Docker-start/index.html\u001b[39m","time":"2018-08-16T14:38:43.246Z","v":0}
{"name":"hexo","hostname":"CTUN50932141A","pid":16388,"level":30,"msg":"Generated: \u001b[35m2017/05/07/Java.String/index.html\u001b[39m","time":"2018-08-16T14:38:43.247Z","v":0}
{"name":"hexo","hostname":"CTUN50932141A","pid":16388,"level":30,"msg":"Generated: \u001b[35m2017/12/14/arithmetic-sort-exercise-one/index.html\u001b[39m","time":"2018-08-16T14:38:43.250Z","v":0}
{"name":"hexo","hostname":"CTUN50932141A","pid":16388,"level":30,"msg":"Generated: \u001b[35m2017/10/07/Adapter/index.html\u001b[39m","time":"2018-08-16T14:38:43.250Z","v":0}
{"name":"hexo","hostname":"CTUN50932141A","pid":16388,"level":30,"msg":"Generated: \u001b[35m2017/11/02/Servlet-apply-one/index.html\u001b[39m","time":"2018-08-16T14:38:43.251Z","v":0}
{"name":"hexo","hostname":"CTUN50932141A","pid":16388,"level":30,"msg":"Generated: \u001b[35m2017/05/02/os-one/index.html\u001b[39m","time":"2018-08-16T14:38:43.254Z","v":0}
{"name":"hexo","hostname":"CTUN50932141A","pid":16388,"level":30,"msg":"Generated: \u001b[35m2017/10/20/tomcat-one/index.html\u001b[39m","time":"2018-08-16T14:38:43.255Z","v":0}
{"name":"hexo","hostname":"CTUN50932141A","pid":16388,"level":30,"msg":"Generated: \u001b[35m2017/10/25/Docker-cmd/index.html\u001b[39m","time":"2018-08-16T14:38:43.256Z","v":0}
{"name":"hexo","hostname":"CTUN50932141A","pid":16388,"level":30,"msg":"Generated: \u001b[35m2017/10/29/Servlet-basic/index.html\u001b[39m","time":"2018-08-16T14:38:43.257Z","v":0}
{"name":"hexo","hostname":"CTUN50932141A","pid":16388,"level":30,"msg":"Generated: \u001b[35m2017/04/30/Hello,my first blog by hexo/index.html\u001b[39m","time":"2018-08-16T14:38:43.257Z","v":0}
{"name":"hexo","hostname":"CTUN50932141A","pid":16388,"level":30,"msg":"56 files generated in \u001b[36m476 ms\u001b[39m","time":"2018-08-16T14:38:43.258Z","v":0}
{"name":"hexo","hostname":"CTUN50932141A","pid":16388,"level":20,"msg":"Database saved","time":"2018-08-16T14:38:43.296Z","v":0}
